<?xml version="1.0" encoding="UTF-8"?>
<testng-results ignored="0" total="2" passed="2" failed="0" skipped="0">
  <reporter-output>
  </reporter-output>
  <suite started-at="2022-01-31T11:27:12 PST" name="Suite" finished-at="2022-01-31T11:27:37 PST" duration-ms="24911">
    <groups>
    </groups>
    <test started-at="2022-01-31T11:27:12 PST" name="Test" finished-at="2022-01-31T11:27:37 PST" duration-ms="24911">
      <class name="com.firebase.tests.Login.LoginTest">
        <test-method is-config="true" signature="setUp()[pri:0, instance:com.firebase.tests.Login.LoginTest@6eda5c9]" started-at="2022-01-31T11:27:12 PST" name="setUp" finished-at="2022-01-31T11:27:12 PST" duration-ms="489" status="PASS">
          <reporter-output>
          </reporter-output>
        </test-method> <!-- setUp -->
        <test-method is-config="true" signature="initialSetUp(java.lang.String,java.lang.reflect.Method)[pri:0, instance:com.firebase.tests.Login.LoginTest@6eda5c9]" started-at="2022-01-31T11:27:12 PST" name="initialSetUp" finished-at="2022-01-31T11:27:21 PST" duration-ms="8138" status="PASS">
          <params>
            <param index="0">
              <value>
                <![CDATA[chrome]]>
              </value>
            </param>
            <param index="1">
              <value>
                <![CDATA[public void com.firebase.tests.Login.LoginTest.invalidLoginTest()]]>
              </value>
            </param>
          </params>
          <reporter-output>
          </reporter-output>
        </test-method> <!-- initialSetUp -->
        <test-method signature="invalidLoginTest()[pri:0, instance:com.firebase.tests.Login.LoginTest@6eda5c9]" started-at="2022-01-31T11:27:21 PST" name="invalidLoginTest" finished-at="2022-01-31T11:27:25 PST" duration-ms="4171" status="PASS">
          <reporter-output>
          </reporter-output>
        </test-method> <!-- invalidLoginTest -->
        <test-method is-config="true" signature="tearDown(org.testng.ITestResult)[pri:0, instance:com.firebase.tests.Login.LoginTest@6eda5c9]" started-at="2022-01-31T11:27:25 PST" name="tearDown" finished-at="2022-01-31T11:27:26 PST" duration-ms="860" status="PASS">
          <params>
            <param index="0">
              <value>
                <![CDATA[[TestResult name=invalidLoginTest status=SUCCESS method=LoginTest.invalidLoginTest()[pri:0, instance:com.firebase.tests.Login.LoginTest@6eda5c9] output={null}]]]>
              </value>
            </param>
          </params>
          <reporter-output>
          </reporter-output>
        </test-method> <!-- tearDown -->
        <test-method is-config="true" signature="initialSetUp(java.lang.String,java.lang.reflect.Method)[pri:0, instance:com.firebase.tests.Login.LoginTest@6eda5c9]" started-at="2022-01-31T11:27:26 PST" name="initialSetUp" finished-at="2022-01-31T11:27:31 PST" duration-ms="5455" status="PASS">
          <params>
            <param index="0">
              <value>
                <![CDATA[chrome]]>
              </value>
            </param>
            <param index="1">
              <value>
                <![CDATA[public void com.firebase.tests.Login.LoginTest.validLoginTest()]]>
              </value>
            </param>
          </params>
          <reporter-output>
          </reporter-output>
        </test-method> <!-- initialSetUp -->
        <test-method signature="validLoginTest()[pri:0, instance:com.firebase.tests.Login.LoginTest@6eda5c9]" started-at="2022-01-31T11:27:31 PST" name="validLoginTest" finished-at="2022-01-31T11:27:35 PST" duration-ms="3889" status="PASS">
          <reporter-output>
          </reporter-output>
        </test-method> <!-- validLoginTest -->
        <test-method is-config="true" signature="tearDown(org.testng.ITestResult)[pri:0, instance:com.firebase.tests.Login.LoginTest@6eda5c9]" started-at="2022-01-31T11:27:35 PST" name="tearDown" finished-at="2022-01-31T11:27:36 PST" duration-ms="902" status="PASS">
          <params>
            <param index="0">
              <value>
                <![CDATA[[TestResult name=validLoginTest status=SUCCESS method=LoginTest.validLoginTest()[pri:0, instance:com.firebase.tests.Login.LoginTest@6eda5c9] output={null}]]]>
              </value>
            </param>
          </params>
          <reporter-output>
          </reporter-output>
        </test-method> <!-- tearDown -->
        <test-method is-config="true" signature="endUp()[pri:0, instance:com.firebase.tests.Login.LoginTest@6eda5c9]" started-at="2022-01-31T11:27:36 PST" name="endUp" finished-at="2022-01-31T11:27:37 PST" duration-ms="902" status="PASS">
          <reporter-output>
          </reporter-output>
        </test-method> <!-- endUp -->
      </class> <!-- com.firebase.tests.Login.LoginTest -->
    </test> <!-- Test -->
  </suite> <!-- Suite -->
</testng-results>
